have_func: checking for rb_pin_dynamic_symbol()... -------------------- no

"clang -o conftest -I../../../.ext/include/x86_64-darwin14 -I../../.././include -I../../.././ext/-test-/symbol -D_XOPEN_SOURCE -D_DARWIN_C_SOURCE -D_DARWIN_UNLIMITED_SELECT -D_REENTRANT    -O3 -fno-fast-math -ggdb3 -Wall -Wextra -Wno-unused-parameter -Wno-parentheses -Wno-long-long -Wno-missing-field-initializers -Wunused-variable -Wpointer-arith -Wwrite-strings -Wdeclaration-after-statement -Wshorten-64-to-32 -Wimplicit-function-declaration -Wdivision-by-zero -Wdeprecated-declarations -Wextra-tokens  -pipe conftest.c  -L. -L../../.. -L. -fstack-protector     -lruby-static -framework CoreFoundation  -lpthread -ldl -lobjc "
checked program was:
/* begin */
1: #include "ruby.h"
2: 
3: int main(int argc, char **argv)
4: {
5:   return 0;
6: }
/* end */

"clang -o conftest -I../../../.ext/include/x86_64-darwin14 -I../../.././include -I../../.././ext/-test-/symbol -D_XOPEN_SOURCE -D_DARWIN_C_SOURCE -D_DARWIN_UNLIMITED_SELECT -D_REENTRANT    -O3 -fno-fast-math -ggdb3 -Wall -Wextra -Wno-unused-parameter -Wno-parentheses -Wno-long-long -Wno-missing-field-initializers -Wunused-variable -Wpointer-arith -Wwrite-strings -Wdeclaration-after-statement -Wshorten-64-to-32 -Wimplicit-function-declaration -Wdivision-by-zero -Wdeprecated-declarations -Wextra-tokens  -pipe conftest.c  -L. -L../../.. -L. -fstack-protector     -lruby-static -framework CoreFoundation  -lpthread -ldl -lobjc "
conftest.c:13:57: error: use of undeclared identifier 'rb_pin_dynamic_symbol'
int t(void) { void ((*volatile p)()); p = (void ((*)()))rb_pin_dynamic_symbol; return 0; }
                                                        ^
1 error generated.
checked program was:
/* begin */
 1: #include "ruby.h"
 2: 
 3: /*top*/
 4: extern int t(void);
 5: int main(int argc, char **argv)
 6: {
 7:   if (argc > 1000000) {
 8:     printf("%p", &t);
 9:   }
10: 
11:   return 0;
12: }
13: int t(void) { void ((*volatile p)()); p = (void ((*)()))rb_pin_dynamic_symbol; return 0; }
/* end */

"clang -o conftest -I../../../.ext/include/x86_64-darwin14 -I../../.././include -I../../.././ext/-test-/symbol -D_XOPEN_SOURCE -D_DARWIN_C_SOURCE -D_DARWIN_UNLIMITED_SELECT -D_REENTRANT    -O3 -fno-fast-math -ggdb3 -Wall -Wextra -Wno-unused-parameter -Wno-parentheses -Wno-long-long -Wno-missing-field-initializers -Wunused-variable -Wpointer-arith -Wwrite-strings -Wdeclaration-after-statement -Wshorten-64-to-32 -Wimplicit-function-declaration -Wdivision-by-zero -Wdeprecated-declarations -Wextra-tokens  -pipe conftest.c  -L. -L../../.. -L. -fstack-protector     -lruby-static -framework CoreFoundation  -lpthread -ldl -lobjc "
conftest.c:13:15: warning: implicit declaration of function 'rb_pin_dynamic_symbol' is invalid in C99 [-Wimplicit-function-declaration]
int t(void) { rb_pin_dynamic_symbol(); return 0; }
              ^
1 warning generated.
Undefined symbols for architecture x86_64:
  "_rb_pin_dynamic_symbol", referenced from:
      _t in conftest-d87851.o
ld: symbol(s) not found for architecture x86_64
clang: error: linker command failed with exit code 1 (use -v to see invocation)
checked program was:
/* begin */
 1: #include "ruby.h"
 2: 
 3: /*top*/
 4: extern int t(void);
 5: int main(int argc, char **argv)
 6: {
 7:   if (argc > 1000000) {
 8:     printf("%p", &t);
 9:   }
10: 
11:   return 0;
12: }
13: int t(void) { rb_pin_dynamic_symbol(); return 0; }
/* end */

--------------------

extconf.h is:
/* begin */
1: #ifndef EXTCONF_H
2: #define EXTCONF_H
3: #define TEST_INIT_FUNCS(X) X(type)
4: #endif
/* end */

