=== OpenSSL for Ruby configurator ===
=== Checking for system dependent stuff... ===
have_library: checking for t_open() in -lnsl... -------------------- no

"clang -o conftest -I../../.ext/include/x86_64-darwin14 -I../.././include -I../.././ext/openssl -D_XOPEN_SOURCE -D_DARWIN_C_SOURCE -D_DARWIN_UNLIMITED_SELECT -D_REENTRANT    -O3 -fno-fast-math -ggdb3 -Wall -Wextra -Wno-unused-parameter -Wno-parentheses -Wno-long-long -Wno-missing-field-initializers -Wunused-variable -Wpointer-arith -Wwrite-strings -Wdeclaration-after-statement -Wshorten-64-to-32 -Wimplicit-function-declaration -Wdivision-by-zero -Wdeprecated-declarations -Wextra-tokens  -pipe conftest.c  -L. -L../.. -L. -fstack-protector     -lruby-static -framework CoreFoundation -lnsl  -lpthread -ldl -lobjc "
conftest.c:13:57: error: use of undeclared identifier 't_open'
int t(void) { void ((*volatile p)()); p = (void ((*)()))t_open; return 0; }
                                                        ^
1 error generated.
checked program was:
/* begin */
 1: #include "ruby.h"
 2: 
 3: /*top*/
 4: extern int t(void);
 5: int main(int argc, char **argv)
 6: {
 7:   if (argc > 1000000) {
 8:     printf("%p", &t);
 9:   }
10: 
11:   return 0;
12: }
13: int t(void) { void ((*volatile p)()); p = (void ((*)()))t_open; return 0; }
/* end */

"clang -o conftest -I../../.ext/include/x86_64-darwin14 -I../.././include -I../.././ext/openssl -D_XOPEN_SOURCE -D_DARWIN_C_SOURCE -D_DARWIN_UNLIMITED_SELECT -D_REENTRANT    -O3 -fno-fast-math -ggdb3 -Wall -Wextra -Wno-unused-parameter -Wno-parentheses -Wno-long-long -Wno-missing-field-initializers -Wunused-variable -Wpointer-arith -Wwrite-strings -Wdeclaration-after-statement -Wshorten-64-to-32 -Wimplicit-function-declaration -Wdivision-by-zero -Wdeprecated-declarations -Wextra-tokens  -pipe conftest.c  -L. -L../.. -L. -fstack-protector     -lruby-static -framework CoreFoundation -lnsl  -lpthread -ldl -lobjc "
conftest.c:13:15: warning: implicit declaration of function 't_open' is invalid in C99 [-Wimplicit-function-declaration]
int t(void) { t_open(); return 0; }
              ^
1 warning generated.
ld: library not found for -lnsl
clang: error: linker command failed with exit code 1 (use -v to see invocation)
checked program was:
/* begin */
 1: #include "ruby.h"
 2: 
 3: /*top*/
 4: extern int t(void);
 5: int main(int argc, char **argv)
 6: {
 7:   if (argc > 1000000) {
 8:     printf("%p", &t);
 9:   }
10: 
11:   return 0;
12: }
13: int t(void) { t_open(); return 0; }
/* end */

--------------------

have_library: checking for socket() in -lsocket... -------------------- no

"clang -o conftest -I../../.ext/include/x86_64-darwin14 -I../.././include -I../.././ext/openssl -D_XOPEN_SOURCE -D_DARWIN_C_SOURCE -D_DARWIN_UNLIMITED_SELECT -D_REENTRANT    -O3 -fno-fast-math -ggdb3 -Wall -Wextra -Wno-unused-parameter -Wno-parentheses -Wno-long-long -Wno-missing-field-initializers -Wunused-variable -Wpointer-arith -Wwrite-strings -Wdeclaration-after-statement -Wshorten-64-to-32 -Wimplicit-function-declaration -Wdivision-by-zero -Wdeprecated-declarations -Wextra-tokens  -pipe conftest.c  -L. -L../.. -L. -fstack-protector     -lruby-static -framework CoreFoundation -lsocket  -lpthread -ldl -lobjc "
conftest.c:13:57: error: use of undeclared identifier 'socket'
int t(void) { void ((*volatile p)()); p = (void ((*)()))socket; return 0; }
                                                        ^
1 error generated.
checked program was:
/* begin */
 1: #include "ruby.h"
 2: 
 3: /*top*/
 4: extern int t(void);
 5: int main(int argc, char **argv)
 6: {
 7:   if (argc > 1000000) {
 8:     printf("%p", &t);
 9:   }
10: 
11:   return 0;
12: }
13: int t(void) { void ((*volatile p)()); p = (void ((*)()))socket; return 0; }
/* end */

"clang -o conftest -I../../.ext/include/x86_64-darwin14 -I../.././include -I../.././ext/openssl -D_XOPEN_SOURCE -D_DARWIN_C_SOURCE -D_DARWIN_UNLIMITED_SELECT -D_REENTRANT    -O3 -fno-fast-math -ggdb3 -Wall -Wextra -Wno-unused-parameter -Wno-parentheses -Wno-long-long -Wno-missing-field-initializers -Wunused-variable -Wpointer-arith -Wwrite-strings -Wdeclaration-after-statement -Wshorten-64-to-32 -Wimplicit-function-declaration -Wdivision-by-zero -Wdeprecated-declarations -Wextra-tokens  -pipe conftest.c  -L. -L../.. -L. -fstack-protector     -lruby-static -framework CoreFoundation -lsocket  -lpthread -ldl -lobjc "
conftest.c:13:15: warning: implicit declaration of function 'socket' is invalid in C99 [-Wimplicit-function-declaration]
int t(void) { socket(); return 0; }
              ^
1 warning generated.
ld: library not found for -lsocket
clang: error: linker command failed with exit code 1 (use -v to see invocation)
checked program was:
/* begin */
 1: #include "ruby.h"
 2: 
 3: /*top*/
 4: extern int t(void);
 5: int main(int argc, char **argv)
 6: {
 7:   if (argc > 1000000) {
 8:     printf("%p", &t);
 9:   }
10: 
11:   return 0;
12: }
13: int t(void) { socket(); return 0; }
/* end */

--------------------

have_header: checking for assert.h... -------------------- yes

"clang -E -I../../.ext/include/x86_64-darwin14 -I../.././include -I../.././ext/openssl -D_XOPEN_SOURCE -D_DARWIN_C_SOURCE -D_DARWIN_UNLIMITED_SELECT -D_REENTRANT    -O3 -fno-fast-math -ggdb3 -Wall -Wextra -Wno-unused-parameter -Wno-parentheses -Wno-long-long -Wno-missing-field-initializers -Wunused-variable -Wpointer-arith -Wwrite-strings -Wdeclaration-after-statement -Wshorten-64-to-32 -Wimplicit-function-declaration -Wdivision-by-zero -Wdeprecated-declarations -Wextra-tokens  -pipe  conftest.c -o conftest.i"
checked program was:
/* begin */
1: #include "ruby.h"
2: 
3: #include <assert.h>
/* end */

--------------------

=== Checking for required stuff... ===
package configuration for openssl is not found
have_header: checking for openssl/ssl.h... -------------------- yes

"clang -E -I../../.ext/include/x86_64-darwin14 -I../.././include -I../.././ext/openssl -D_XOPEN_SOURCE -D_DARWIN_C_SOURCE -D_DARWIN_UNLIMITED_SELECT -D_REENTRANT    -O3 -fno-fast-math -ggdb3 -Wall -Wextra -Wno-unused-parameter -Wno-parentheses -Wno-long-long -Wno-missing-field-initializers -Wunused-variable -Wpointer-arith -Wwrite-strings -Wdeclaration-after-statement -Wshorten-64-to-32 -Wimplicit-function-declaration -Wdivision-by-zero -Wdeprecated-declarations -Wextra-tokens  -pipe  conftest.c -o conftest.i"
checked program was:
/* begin */
1: #include "ruby.h"
2: 
3: #include <openssl/ssl.h>
/* end */

--------------------

have_library: checking for OpenSSL_add_all_digests() in -lcrypto... -------------------- yes

"clang -o conftest -I../../.ext/include/x86_64-darwin14 -I../.././include -I../.././ext/openssl -D_XOPEN_SOURCE -D_DARWIN_C_SOURCE -D_DARWIN_UNLIMITED_SELECT -D_REENTRANT    -O3 -fno-fast-math -ggdb3 -Wall -Wextra -Wno-unused-parameter -Wno-parentheses -Wno-long-long -Wno-missing-field-initializers -Wunused-variable -Wpointer-arith -Wwrite-strings -Wdeclaration-after-statement -Wshorten-64-to-32 -Wimplicit-function-declaration -Wdivision-by-zero -Wdeprecated-declarations -Wextra-tokens  -pipe conftest.c  -L. -L../.. -L. -fstack-protector     -lruby-static -framework CoreFoundation -lcrypto  -lpthread -ldl -lobjc "
conftest.c:13:57: error: use of undeclared identifier 'OpenSSL_add_all_digests'
int t(void) { void ((*volatile p)()); p = (void ((*)()))OpenSSL_add_all_digests; return 0; }
                                                        ^
1 error generated.
checked program was:
/* begin */
 1: #include "ruby.h"
 2: 
 3: /*top*/
 4: extern int t(void);
 5: int main(int argc, char **argv)
 6: {
 7:   if (argc > 1000000) {
 8:     printf("%p", &t);
 9:   }
10: 
11:   return 0;
12: }
13: int t(void) { void ((*volatile p)()); p = (void ((*)()))OpenSSL_add_all_digests; return 0; }
/* end */

"clang -o conftest -I../../.ext/include/x86_64-darwin14 -I../.././include -I../.././ext/openssl -D_XOPEN_SOURCE -D_DARWIN_C_SOURCE -D_DARWIN_UNLIMITED_SELECT -D_REENTRANT    -O3 -fno-fast-math -ggdb3 -Wall -Wextra -Wno-unused-parameter -Wno-parentheses -Wno-long-long -Wno-missing-field-initializers -Wunused-variable -Wpointer-arith -Wwrite-strings -Wdeclaration-after-statement -Wshorten-64-to-32 -Wimplicit-function-declaration -Wdivision-by-zero -Wdeprecated-declarations -Wextra-tokens  -pipe conftest.c  -L. -L../.. -L. -fstack-protector     -lruby-static -framework CoreFoundation -lcrypto  -lpthread -ldl -lobjc "
conftest.c:13:15: warning: implicit declaration of function 'OpenSSL_add_all_digests' is invalid in C99 [-Wimplicit-function-declaration]
int t(void) { OpenSSL_add_all_digests(); return 0; }
              ^
1 warning generated.
checked program was:
/* begin */
 1: #include "ruby.h"
 2: 
 3: /*top*/
 4: extern int t(void);
 5: int main(int argc, char **argv)
 6: {
 7:   if (argc > 1000000) {
 8:     printf("%p", &t);
 9:   }
10: 
11:   return 0;
12: }
13: int t(void) { OpenSSL_add_all_digests(); return 0; }
/* end */

--------------------

have_library: checking for SSL_library_init() in -lssl... -------------------- yes

"clang -o conftest -I../../.ext/include/x86_64-darwin14 -I../.././include -I../.././ext/openssl -D_XOPEN_SOURCE -D_DARWIN_C_SOURCE -D_DARWIN_UNLIMITED_SELECT -D_REENTRANT    -O3 -fno-fast-math -ggdb3 -Wall -Wextra -Wno-unused-parameter -Wno-parentheses -Wno-long-long -Wno-missing-field-initializers -Wunused-variable -Wpointer-arith -Wwrite-strings -Wdeclaration-after-statement -Wshorten-64-to-32 -Wimplicit-function-declaration -Wdivision-by-zero -Wdeprecated-declarations -Wextra-tokens  -pipe conftest.c  -L. -L../.. -L. -fstack-protector    -lcrypto  -lruby-static -framework CoreFoundation -lssl -lcrypto  -lpthread -ldl -lobjc "
conftest.c:13:57: error: use of undeclared identifier 'SSL_library_init'
int t(void) { void ((*volatile p)()); p = (void ((*)()))SSL_library_init; return 0; }
                                                        ^
1 error generated.
checked program was:
/* begin */
 1: #include "ruby.h"
 2: 
 3: /*top*/
 4: extern int t(void);
 5: int main(int argc, char **argv)
 6: {
 7:   if (argc > 1000000) {
 8:     printf("%p", &t);
 9:   }
10: 
11:   return 0;
12: }
13: int t(void) { void ((*volatile p)()); p = (void ((*)()))SSL_library_init; return 0; }
/* end */

"clang -o conftest -I../../.ext/include/x86_64-darwin14 -I../.././include -I../.././ext/openssl -D_XOPEN_SOURCE -D_DARWIN_C_SOURCE -D_DARWIN_UNLIMITED_SELECT -D_REENTRANT    -O3 -fno-fast-math -ggdb3 -Wall -Wextra -Wno-unused-parameter -Wno-parentheses -Wno-long-long -Wno-missing-field-initializers -Wunused-variable -Wpointer-arith -Wwrite-strings -Wdeclaration-after-statement -Wshorten-64-to-32 -Wimplicit-function-declaration -Wdivision-by-zero -Wdeprecated-declarations -Wextra-tokens  -pipe conftest.c  -L. -L../.. -L. -fstack-protector    -lcrypto  -lruby-static -framework CoreFoundation -lssl -lcrypto  -lpthread -ldl -lobjc "
conftest.c:13:15: warning: implicit declaration of function 'SSL_library_init' is invalid in C99 [-Wimplicit-function-declaration]
int t(void) { SSL_library_init(); return 0; }
              ^
1 warning generated.
checked program was:
/* begin */
 1: #include "ruby.h"
 2: 
 3: /*top*/
 4: extern int t(void);
 5: int main(int argc, char **argv)
 6: {
 7:   if (argc > 1000000) {
 8:     printf("%p", &t);
 9:   }
10: 
11:   return 0;
12: }
13: int t(void) { SSL_library_init(); return 0; }
/* end */

--------------------

have_header: checking for openssl/conf_api.h... -------------------- yes

"clang -E -I../../.ext/include/x86_64-darwin14 -I../.././include -I../.././ext/openssl -D_XOPEN_SOURCE -D_DARWIN_C_SOURCE -D_DARWIN_UNLIMITED_SELECT -D_REENTRANT    -O3 -fno-fast-math -ggdb3 -Wall -Wextra -Wno-unused-parameter -Wno-parentheses -Wno-long-long -Wno-missing-field-initializers -Wunused-variable -Wpointer-arith -Wwrite-strings -Wdeclaration-after-statement -Wshorten-64-to-32 -Wimplicit-function-declaration -Wdivision-by-zero -Wdeprecated-declarations -Wextra-tokens  -pipe  conftest.c -o conftest.i"
checked program was:
/* begin */
1: #include "ruby.h"
2: 
3: #include <openssl/conf_api.h>
/* end */

--------------------

have_func: checking for SSL_library_init() in openssl/ssl.h with -Werror=deprecated-declarations... -------------------- no

"clang -o conftest -I../../.ext/include/x86_64-darwin14 -I../.././include -I../.././ext/openssl -D_XOPEN_SOURCE -D_DARWIN_C_SOURCE -D_DARWIN_UNLIMITED_SELECT -D_REENTRANT    -O3 -fno-fast-math -ggdb3 -Wall -Wextra -Wno-unused-parameter -Wno-parentheses -Wno-long-long -Wno-missing-field-initializers -Wunused-variable -Wpointer-arith -Wwrite-strings -Wdeclaration-after-statement -Wshorten-64-to-32 -Wimplicit-function-declaration -Wdivision-by-zero -Wdeprecated-declarations -Wextra-tokens  -pipe conftest.c  -L. -L../.. -L. -fstack-protector    -lssl -lcrypto  -lruby-static -framework CoreFoundation -Werror=deprecated-declarations -lssl -lcrypto  -lpthread -ldl -lobjc "
conftest.c:15:15: error: 'SSL_library_init' is deprecated: first deprecated in OS X 10.7 [-Werror,-Wdeprecated-declarations]
int t(void) { SSL_library_init(); return 0; }
              ^
/Applications/Xcode.app/Contents/Developer/Platforms/MacOSX.platform/Developer/SDKs/MacOSX10.10.sdk/usr/include/openssl/ssl.h:1558:5: note: 'SSL_library_init' has been explicitly marked deprecated here
int SSL_library_init(void ) DEPRECATED_IN_MAC_OS_X_VERSION_10_7_AND_LATER;
    ^
1 error generated.
checked program was:
/* begin */
 1: #include "ruby.h"
 2: 
 3: #include <openssl/ssl.h>
 4: 
 5: /*top*/
 6: extern int t(void);
 7: int main(int argc, char **argv)
 8: {
 9:   if (argc > 1000000) {
10:     printf("%p", &t);
11:   }
12: 
13:   return 0;
14: }
15: int t(void) { SSL_library_init(); return 0; }
/* end */

--------------------

Ignore OpenSSL broken by Apple.
Please use another openssl. (e.g. using `configure --with-openssl-dir=/path/to/openssl')
Failed to configure openssl. It will not be installed.
