package configuration for openssl is not found
have_library: checking for main() in -lcrypto... -------------------- yes

"clang -o conftest -I../../../.ext/include/x86_64-darwin14 -I../../.././include -I../../.././ext/digest/sha2 -I../../.././ext/digest/sha2/.. -D_XOPEN_SOURCE -D_DARWIN_C_SOURCE -D_DARWIN_UNLIMITED_SELECT -D_REENTRANT    -O3 -fno-fast-math -ggdb3 -Wall -Wextra -Wno-unused-parameter -Wno-parentheses -Wno-long-long -Wno-missing-field-initializers -Wunused-variable -Wpointer-arith -Wwrite-strings -Wdeclaration-after-statement -Wshorten-64-to-32 -Wimplicit-function-declaration -Wdivision-by-zero -Wdeprecated-declarations -Wextra-tokens  -pipe conftest.c  -L. -L../../.. -L. -fstack-protector     -lruby-static -framework CoreFoundation -lcrypto  -lpthread -ldl -lobjc "
checked program was:
/* begin */
 1: #include "ruby.h"
 2: 
 3: /*top*/
 4: extern int t(void);
 5: int main(int argc, char **argv)
 6: {
 7:   if (argc > 1000000) {
 8:     printf("%p", &t);
 9:   }
10: 
11:   return 0;
12: }
13: int t(void) { void ((*volatile p)()); p = (void ((*)()))main; return 0; }
/* end */

--------------------

have_func: checking for SHA256_Transform() in openssl/sha.h with -Werror=deprecated-declarations... -------------------- no

"clang -o conftest -I../../../.ext/include/x86_64-darwin14 -I../../.././include -I../../.././ext/digest/sha2 -I../../.././ext/digest/sha2/.. -D_XOPEN_SOURCE -D_DARWIN_C_SOURCE -D_DARWIN_UNLIMITED_SELECT -D_REENTRANT    -O3 -fno-fast-math -ggdb3 -Wall -Wextra -Wno-unused-parameter -Wno-parentheses -Wno-long-long -Wno-missing-field-initializers -Wunused-variable -Wpointer-arith -Wwrite-strings -Wdeclaration-after-statement -Wshorten-64-to-32 -Wimplicit-function-declaration -Wdivision-by-zero -Wdeprecated-declarations -Wextra-tokens  -pipe conftest.c  -L. -L../../.. -L. -fstack-protector    -lcrypto  -lruby-static -framework CoreFoundation -Werror=deprecated-declarations -lcrypto  -lpthread -ldl -lobjc "
conftest.c:15:57: error: 'SHA256_Transform' is deprecated: first deprecated in OS X 10.7 [-Werror,-Wdeprecated-declarations]
int t(void) { void ((*volatile p)()); p = (void ((*)()))SHA256_Transform; return 0; }
                                                        ^
/Applications/Xcode.app/Contents/Developer/Platforms/MacOSX.platform/Developer/SDKs/MacOSX10.10.sdk/usr/include/openssl/sha.h:151:6: note: 'SHA256_Transform' has been explicitly marked deprecated here
void SHA256_Transform(SHA256_CTX *c, const unsigned char *data) DEPRECATED_IN_MAC_OS_X_VERSION_10_7_AND_LATER;
     ^
1 error generated.
checked program was:
/* begin */
 1: #include "ruby.h"
 2: 
 3: #include <openssl/sha.h>
 4: 
 5: /*top*/
 6: extern int t(void);
 7: int main(int argc, char **argv)
 8: {
 9:   if (argc > 1000000) {
10:     printf("%p", &t);
11:   }
12: 
13:   return 0;
14: }
15: int t(void) { void ((*volatile p)()); p = (void ((*)()))SHA256_Transform; return 0; }
/* end */

"clang -o conftest -I../../../.ext/include/x86_64-darwin14 -I../../.././include -I../../.././ext/digest/sha2 -I../../.././ext/digest/sha2/.. -D_XOPEN_SOURCE -D_DARWIN_C_SOURCE -D_DARWIN_UNLIMITED_SELECT -D_REENTRANT    -O3 -fno-fast-math -ggdb3 -Wall -Wextra -Wno-unused-parameter -Wno-parentheses -Wno-long-long -Wno-missing-field-initializers -Wunused-variable -Wpointer-arith -Wwrite-strings -Wdeclaration-after-statement -Wshorten-64-to-32 -Wimplicit-function-declaration -Wdivision-by-zero -Wdeprecated-declarations -Wextra-tokens  -pipe conftest.c  -L. -L../../.. -L. -fstack-protector    -lcrypto  -lruby-static -framework CoreFoundation -Werror=deprecated-declarations -lcrypto  -lpthread -ldl -lobjc "
conftest.c:15:15: error: 'SHA256_Transform' is deprecated: first deprecated in OS X 10.7 [-Werror,-Wdeprecated-declarations]
int t(void) { SHA256_Transform(); return 0; }
              ^
/Applications/Xcode.app/Contents/Developer/Platforms/MacOSX.platform/Developer/SDKs/MacOSX10.10.sdk/usr/include/openssl/sha.h:151:6: note: 'SHA256_Transform' has been explicitly marked deprecated here
void SHA256_Transform(SHA256_CTX *c, const unsigned char *data) DEPRECATED_IN_MAC_OS_X_VERSION_10_7_AND_LATER;
     ^
conftest.c:15:32: error: too few arguments to function call, expected 2, have 0
int t(void) { SHA256_Transform(); return 0; }
              ~~~~~~~~~~~~~~~~ ^
/Applications/Xcode.app/Contents/Developer/Platforms/MacOSX.platform/Developer/SDKs/MacOSX10.10.sdk/usr/include/openssl/sha.h:151:1: note: 'SHA256_Transform' declared here
void SHA256_Transform(SHA256_CTX *c, const unsigned char *data) DEPRECATED_IN_MAC_OS_X_VERSION_10_7_AND_LATER;
^
2 errors generated.
checked program was:
/* begin */
 1: #include "ruby.h"
 2: 
 3: #include <openssl/sha.h>
 4: 
 5: /*top*/
 6: extern int t(void);
 7: int main(int argc, char **argv)
 8: {
 9:   if (argc > 1000000) {
10:     printf("%p", &t);
11:   }
12: 
13:   return 0;
14: }
15: int t(void) { SHA256_Transform(); return 0; }
/* end */

--------------------

have_type: checking for u_int8_t... -------------------- yes

"clang -I../../../.ext/include/x86_64-darwin14 -I../../.././include -I../../.././ext/digest/sha2 -I../../.././ext/digest/sha2/.. -D_XOPEN_SOURCE -D_DARWIN_C_SOURCE -D_DARWIN_UNLIMITED_SELECT -D_REENTRANT    -O3 -fno-fast-math -ggdb3 -Wall -Wextra -Wno-unused-parameter -Wno-parentheses -Wno-long-long -Wno-missing-field-initializers -Wunused-variable -Wpointer-arith -Wwrite-strings -Wdeclaration-after-statement -Wshorten-64-to-32 -Wimplicit-function-declaration -Wdivision-by-zero -Wdeprecated-declarations -Wextra-tokens  -pipe   -c conftest.c"
checked program was:
/* begin */
1: #include "ruby.h"
2: 
3: /*top*/
4: typedef u_int8_t conftest_type;
5: int conftestval[sizeof(conftest_type)?1:-1];
/* end */

--------------------

have_header: checking for sys/cdefs.h... -------------------- yes

"clang -E -I../../../.ext/include/x86_64-darwin14 -I../../.././include -I../../.././ext/digest/sha2 -I../../.././ext/digest/sha2/.. -D_XOPEN_SOURCE -D_DARWIN_C_SOURCE -D_DARWIN_UNLIMITED_SELECT -D_REENTRANT    -O3 -fno-fast-math -ggdb3 -Wall -Wextra -Wno-unused-parameter -Wno-parentheses -Wno-long-long -Wno-missing-field-initializers -Wunused-variable -Wpointer-arith -Wwrite-strings -Wdeclaration-after-statement -Wshorten-64-to-32 -Wimplicit-function-declaration -Wdivision-by-zero -Wdeprecated-declarations -Wextra-tokens  -pipe  conftest.c -o conftest.i"
checked program was:
/* begin */
1: #include "ruby.h"
2: 
3: #include <sys/cdefs.h>
/* end */

--------------------

have_type: checking for uint64_t in defs.h with -DHAVE_CONFIG_H -DHAVE_TYPE_U_INT8_T -DHAVE_SYS_CDEFS_H... -------------------- yes

"clang -I../../../.ext/include/x86_64-darwin14 -I../../.././include -I../../.././ext/digest/sha2 -I../../.././ext/digest/sha2/.. -D_XOPEN_SOURCE -D_DARWIN_C_SOURCE -D_DARWIN_UNLIMITED_SELECT -D_REENTRANT    -O3 -fno-fast-math -ggdb3 -Wall -Wextra -Wno-unused-parameter -Wno-parentheses -Wno-long-long -Wno-missing-field-initializers -Wunused-variable -Wpointer-arith -Wwrite-strings -Wdeclaration-after-statement -Wshorten-64-to-32 -Wimplicit-function-declaration -Wdivision-by-zero -Wdeprecated-declarations -Wextra-tokens  -pipe  -DHAVE_CONFIG_H -DHAVE_TYPE_U_INT8_T -DHAVE_SYS_CDEFS_H -c conftest.c"
checked program was:
/* begin */
1: #include "ruby.h"
2: 
3: #include <defs.h>
4: 
5: /*top*/
6: typedef uint64_t conftest_type;
7: int conftestval[sizeof(conftest_type)?1:-1];
/* end */

--------------------

extconf.h is:
/* begin */
1: #ifndef EXTCONF_H
2: #define EXTCONF_H
3: #define HAVE_CONFIG_H 1
4: #define HAVE_TYPE_U_INT8_T 1
5: #define HAVE_SYS_CDEFS_H 1
6: #define HAVE_TYPE_UINT64_T 1
7: #endif
/* end */

